app/build/outputs/apk/manifest-merger-debug-report.txt
-- Merging decision tree log ---
manifest
ADDED from AndroidManifest.xml:2:1
	package
		ADDED from AndroidManifest.xml:3:5
		INJECTED from AndroidManifest.xml:0:0
		INJECTED from AndroidManifest.xml:0:0
	android:versionName
		INJECTED from AndroidManifest.xml:0:0
		INJECTED from AndroidManifest.xml:0:0
	xmlns:android
		ADDED from AndroidManifest.xml:2:11
	android:versionCode
		INJECTED from AndroidManifest.xml:0:0
		INJECTED from AndroidManifest.xml:0:0
	android:installLocation
		ADDED from AndroidManifest.xml:4:5
uses-permission#android.permission.INTERNET
ADDED from AndroidManifest.xml:5:5
	android:name
		ADDED from AndroidManifest.xml:5:22
uses-sdk
ADDED from AndroidManifest.xml:6:5
MERGED from com.android.support:appcompat-v7:21.0.3:15:5
MERGED from com.android.support:support-v4:21.0.3:15:5
MERGED from com.android.support:support-v4:21.0.3:15:5
MERGED from com.android.support:cardview-v7:21.0.3:15:5
MERGED from com.android.support:recyclerview-v7:21.0.3:15:5
MERGED from com.android.support:support-v4:21.0.3:15:5
	android:targetSdkVersion
		INJECTED from AndroidManifest.xml:0:0
		INJECTED from AndroidManifest.xml:0:0
	android:minSdkVersion
		ADDED from AndroidManifest.xml:6:15
		INJECTED from AndroidManifest.xml:0:0
		INJECTED from AndroidManifest.xml:0:0
application
ADDED from AndroidManifest.xml:8:5
MERGED from com.android.support:appcompat-v7:21.0.3:16:5
MERGED from com.android.support:support-v4:21.0.3:16:5
MERGED from com.android.support:support-v4:21.0.3:16:5
MERGED from com.android.support:cardview-v7:21.0.3:16:5
MERGED from com.android.support:recyclerview-v7:21.0.3:17:5
MERGED from com.android.support:support-v4:21.0.3:16:5
	android:label
		ADDED from AndroidManifest.xml:11:9
	android:allowBackup
		ADDED from AndroidManifest.xml:9:9
	android:icon
		ADDED from AndroidManifest.xml:10:9
	android:theme
		ADDED from AndroidManifest.xml:12:9
activity#com.diderot.android.flousy.SplashScreenActivity
ADDED from AndroidManifest.xml:14:9
	android:screenOrientation
		ADDED from AndroidManifest.xml:17:13
	android:label
		ADDED from AndroidManifest.xml:16:13
	android:windowSoftInputMode
		ADDED from AndroidManifest.xml:18:13
	android:name
		ADDED from AndroidManifest.xml:15:13
intent-filter#android.intent.action.MAIN+android.intent.category.LAUNCHER
ADDED from AndroidManifest.xml:20:13
action#android.intent.action.MAIN
ADDED from AndroidManifest.xml:21:17
	android:name
		ADDED from AndroidManifest.xml:21:25
category#android.intent.category.LAUNCHER
ADDED from AndroidManifest.xml:22:17
	android:name
		ADDED from AndroidManifest.xml:22:27
activity#com.diderot.android.flousy.LogInActivity
ADDED from AndroidManifest.xml:26:9
	android:screenOrientation
		ADDED from AndroidManifest.xml:29:13
	android:label
		ADDED from AndroidManifest.xml:28:13
	android:windowSoftInputMode
		ADDED from AndroidManifest.xml:30:13
	android:name
		ADDED from AndroidManifest.xml:27:13
activity#com.diderot.android.flousy.SignUpActivity
ADDED from AndroidManifest.xml:33:9
	android:screenOrientation
		ADDED from AndroidManifest.xml:37:13
	android:label
		ADDED from AndroidManifest.xml:35:13
	android:parentActivityName
		ADDED from AndroidManifest.xml:36:13
	android:windowSoftInputMode
		ADDED from AndroidManifest.xml:38:13
	android:name
		ADDED from AndroidManifest.xml:34:13
meta-data#android.support.PARENT_ACTIVITY
ADDED from AndroidManifest.xml:40:13
	android:value
		ADDED from AndroidManifest.xml:42:17
	android:name
		ADDED from AndroidManifest.xml:41:17
activity#com.diderot.android.flousy.RestorePasswordActivity
ADDED from AndroidManifest.xml:45:9
	android:screenOrientation
		ADDED from AndroidManifest.xml:49:13
	android:label
		ADDED from AndroidManifest.xml:47:13
	android:parentActivityName
		ADDED from AndroidManifest.xml:48:13
	android:windowSoftInputMode
		ADDED from AndroidManifest.xml:50:13
	android:name
		ADDED from AndroidManifest.xml:46:13
activity#com.diderot.android.flousy.MenuActivity
ADDED from AndroidManifest.xml:57:9
	android:screenOrientation
		ADDED from AndroidManifest.xml:60:13
	android:label
		ADDED from AndroidManifest.xml:59:13
	android:windowSoftInputMode
		ADDED from AndroidManifest.xml:61:13
	android:name
		ADDED from AndroidManifest.xml:58:13
activity#com.diderot.android.flousy.NewActivity
ADDED from AndroidManifest.xml:64:9
	android:screenOrientation
		ADDED from AndroidManifest.xml:68:13
	android:label
		ADDED from AndroidManifest.xml:66:13
	android:parentActivityName
		ADDED from AndroidManifest.xml:67:13
	android:windowSoftInputMode
		ADDED from AndroidManifest.xml:69:13
	android:name
		ADDED from AndroidManifest.xml:65:13
activity#com.diderot.android.flousy.ArticleActivity
ADDED from AndroidManifest.xml:76:9
	android:screenOrientation
		ADDED from AndroidManifest.xml:80:13
	android:label
		ADDED from AndroidManifest.xml:78:13
	android:launchMode
		ADDED from AndroidManifest.xml:79:13
	android:windowSoftInputMode
		ADDED from AndroidManifest.xml:81:13
	android:name
		ADDED from AndroidManifest.xml:77:13
activity#com.diderot.android.flousy.ConsultActivity
ADDED from AndroidManifest.xml:84:9
	android:screenOrientation
		ADDED from AndroidManifest.xml:88:13
	android:label
		ADDED from AndroidManifest.xml:86:13
	android:parentActivityName
		ADDED from AndroidManifest.xml:87:13
	android:windowSoftInputMode
		ADDED from AndroidManifest.xml:89:13
	android:name
		ADDED from AndroidManifest.xml:85:13
activity#com.diderot.android.flousy.FinancesActivity
ADDED from AndroidManifest.xml:96:9
	android:screenOrientation
		ADDED from AndroidManifest.xml:100:13
	android:label
		ADDED from AndroidManifest.xml:98:13
	android:parentActivityName
		ADDED from AndroidManifest.xml:99:13
	android:windowSoftInputMode
		ADDED from AndroidManifest.xml:101:13
	android:name
		ADDED from AndroidManifest.xml:97:13
activity#com.diderot.android.flousy.ChartActivity
ADDED from AndroidManifest.xml:108:9
	android:screenOrientation
		ADDED from AndroidManifest.xml:111:13
	android:parentActivityName
		ADDED from AndroidManifest.xml:110:13
	android:windowSoftInputMode
		ADDED from AndroidManifest.xml:112:13
	android:name
		ADDED from AndroidManifest.xml:109:13
activity#com.diderot.android.flousy.ConsultCategoryActivity
ADDED from AndroidManifest.xml:120:9
	android:screenOrientation
		ADDED from AndroidManifest.xml:124:13
	android:label
		ADDED from AndroidManifest.xml:122:13
	android:parentActivityName
		ADDED from AndroidManifest.xml:123:13
	android:windowSoftInputMode
		ADDED from AndroidManifest.xml:125:13
	android:name
		ADDED from AndroidManifest.xml:121:13
activity#com.diderot.android.flousy.FriendsActivity
ADDED from AndroidManifest.xml:132:9
	android:screenOrientation
		ADDED from AndroidManifest.xml:136:13
	android:label
		ADDED from AndroidManifest.xml:134:13
	android:parentActivityName
		ADDED from AndroidManifest.xml:135:13
	android:windowSoftInputMode
		ADDED from AndroidManifest.xml:137:13
	android:name
		ADDED from AndroidManifest.xml:133:13
activity#com.diderot.android.flousy.OffersActivity
ADDED from AndroidManifest.xml:144:9
	android:screenOrientation
		ADDED from AndroidManifest.xml:148:13
	android:label
		ADDED from AndroidManifest.xml:146:13
	android:parentActivityName
		ADDED from AndroidManifest.xml:147:13
	android:windowSoftInputMode
		ADDED from AndroidManifest.xml:149:13
	android:name
		ADDED from AndroidManifest.xml:145:13
activity#com.diderot.android.flousy.SettingsActivity
ADDED from AndroidManifest.xml:156:9
	android:screenOrientation
		ADDED from AndroidManifest.xml:160:13
	android:label
		ADDED from AndroidManifest.xml:158:13
	android:parentActivityName
		ADDED from AndroidManifest.xml:159:13
	android:windowSoftInputMode
		ADDED from AndroidManifest.xml:161:13
	android:name
		ADDED from AndroidManifest.xml:157:13
activity#com.diderot.android.flousy.SearchResultsActivity
ADDED from AndroidManifest.xml:168:9
	android:screenOrientation
		ADDED from AndroidManifest.xml:172:13
	android:label
		ADDED from AndroidManifest.xml:170:13
	android:launchMode
		ADDED from AndroidManifest.xml:171:13
	android:windowSoftInputMode
		ADDED from AndroidManifest.xml:173:13
	android:name
		ADDED from AndroidManifest.xml:169:13
intent-filter#android.intent.action.SEARCH
ADDED from AndroidManifest.xml:174:13
action#android.intent.action.SEARCH
ADDED from AndroidManifest.xml:175:17
	android:name
		ADDED from AndroidManifest.xml:175:25
meta-data#android.app.searchable
ADDED from AndroidManifest.xml:177:13
	android:resource
		ADDED from AndroidManifest.xml:179:17
	android:name
		ADDED from AndroidManifest.xml:178:17
activity#org.achartengine.GraphicalActivity
ADDED from AndroidManifest.xml:181:9
	android:name
		ADDED from AndroidManifest.xml:181:19
activity#android.support.v7.widget.TestActivity
ADDED from com.android.support:recyclerview-v7:21.0.3:18:9
	android:label
		ADDED from com.android.support:recyclerview-v7:21.0.3:18:19
	android:name
		ADDED from com.android.support:recyclerview-v7:21.0.3:18:60